<?xml version="1.0" encoding="UTF-8"?>
<!-- Generated by org.testng.reporters.JUnitXMLReporter -->
<testsuite ignored="1" hostname="DESKTOP-K37QN4Q" failures="0" tests="2" name="Google Test" time="20.95" errors="0" timestamp="2024-03-27T21:34:15 IST">
  <testcase classname="testngsessions.GoogleTest" name="titleTest" time="0.916"/>
  <testcase classname="testngsessions.GoogleTest" name="imageTest" time="0.247"/>
  <testcase classname="testngsessions.GoogleTest" name="urlTest" time="0.0">
    <ignored/>
  </testcase> <!-- urlTest -->
</testsuite> <!-- Google Test -->
