<?xml version="1.0" encoding="UTF-8"?>
<!-- Generated by org.testng.reporters.JUnitXMLReporter -->
<testsuite ignored="0" hostname="DESKTOP-K37QN4Q" failures="0" tests="3" name="OpenCart Test" time="10.516" errors="0" timestamp="2024-03-27T21:32:46 IST">
  <testcase classname="testngsessions.OpenCartLoginTest" name="titleTest" time="0.04"/>
  <testcase classname="testngsessions.OpenCartLoginTest" name="imageTest" time="0.121"/>
  <testcase classname="testngsessions.OpenCartLoginTest" name="urlTest" time="0.061"/>
</testsuite> <!-- OpenCart Test -->
