<?xml version="1.0" encoding="UTF-8"?>
<!-- Generated by org.testng.reporters.JUnitXMLReporter -->
<testsuite ignored="0" hostname="DESKTOP-K37QN4Q" failures="0" tests="7" name="OrangeHRM Test" time="30.555" errors="0" timestamp="2024-03-27T21:34:25 IST">
  <testcase classname="testngsessions.OpenCartLoginTest" name="titleTest" time="0.7"/>
  <testcase classname="testngsessions.OpenCartLoginTest" name="imageTest" time="1.081"/>
  <testcase classname="testngsessions.OpenCartLoginTest" name="urlTest" time="0.031"/>
  <testcase classname="testngsessions.GoogleTest" name="titleTest" time="0.916"/>
  <testcase classname="testngsessions.GoogleTest" name="imageTest" time="0.247"/>
  <testcase classname="testngsessions.OrangeHRMTest" name="titleTest" time="0.015"/>
  <testcase classname="testngsessions.OrangeHRMTest" name="urlTest" time="0.056"/>
</testsuite> <!-- OrangeHRM Test -->
